# JRE version: Java(TM) SE Runtime Environment (8.0_73-b02) (build 1.8.0_73-b02)
# Java VM: Java HotSpot(TM) 64-Bit Server VM (25.73-b02 mixed mode windows-amd64 compressed oops)
Heap:
 PSYoungGen      total 197120K, used 140403K [0x00000000d6e00000, 0x00000000e6680000, 0x0000000100000000)
  eden space 181248K, 77% used [0x00000000d6e00000,0x00000000df71cec8,0x00000000e1f00000)
  from space 15872K, 0% used [0x00000000e5700000,0x00000000e5700000,0x00000000e6680000)
  to   space 11264K, 0% used [0x00000000e1f00000,0x00000000e1f00000,0x00000000e2a00000)
 ParOldGen       total 64512K, used 39622K [0x0000000084a00000, 0x0000000088900000, 0x00000000d6e00000)
  object space 64512K, 61% used [0x0000000084a00000,0x00000000870b1a10,0x0000000088900000)
 Metaspace       used 45735K, capacity 46528K, committed 46720K, reserved 1089536K
  class space    used 5764K, capacity 5959K, committed 6016K, reserved 1048576K
GC Heap History (10 events):
Event: 48.135 GC heap before
{Heap before GC invocations=17 (full 2):
 PSYoungGen      total 126976K, used 384K [0x00000000d6e00000, 0x00000000e3500000, 0x0000000100000000)
  eden space 117760K, 0% used [0x00000000d6e00000,0x00000000d6e00000,0x00000000de100000)
  from space 9216K, 4% used [0x00000000de100000,0x00000000de160000,0x00000000dea00000)
  to   space 9728K, 0% used [0x00000000e2b80000,0x00000000e2b80000,0x00000000e3500000)
 ParOldGen       total 43520K, used 23492K [0x0000000084a00000, 0x0000000087480000, 0x00000000d6e00000)
  object space 43520K, 53% used [0x0000000084a00000,0x00000000860f1070,0x0000000087480000)
 Metaspace       used 34700K, capacity 35212K, committed 35416K, reserved 1081344K
  class space    used 4392K, capacity 4521K, committed 4608K, reserved 1048576K
Event: 48.380 GC heap after
Heap after GC invocations=17 (full 2):
 PSYoungGen      total 126976K, used 0K [0x00000000d6e00000, 0x00000000e3500000, 0x0000000100000000)
  eden space 117760K, 0% used [0x00000000d6e00000,0x00000000d6e00000,0x00000000de100000)
  from space 9216K, 0% used [0x00000000de100000,0x00000000de100000,0x00000000dea00000)
  to   space 9728K, 0% used [0x00000000e2b80000,0x00000000e2b80000,0x00000000e3500000)
 ParOldGen       total 64512K, used 22216K [0x0000000084a00000, 0x0000000088900000, 0x00000000d6e00000)
  object space 64512K, 34% used [0x0000000084a00000,0x0000000085fb2300,0x0000000088900000)
 Metaspace       used 34700K, capacity 35212K, committed 35416K, reserved 1081344K
  class space    used 4392K, capacity 4521K, committed 4608K, reserved 1048576K
}
Event: 52.276 GC heap before
{Heap before GC invocations=18 (full 2):
 PSYoungGen      total 126976K, used 117760K [0x00000000d6e00000, 0x00000000e3500000, 0x0000000100000000)
  eden space 117760K, 100% used [0x00000000d6e00000,0x00000000de100000,0x00000000de100000)
  from space 9216K, 0% used [0x00000000de100000,0x00000000de100000,0x00000000dea00000)
  to   space 9728K, 0% used [0x00000000e2b80000,0x00000000e2b80000,0x00000000e3500000)
 ParOldGen       total 64512K, used 22216K [0x0000000084a00000, 0x0000000088900000, 0x00000000d6e00000)
  object space 64512K, 34% used [0x0000000084a00000,0x0000000085fb2300,0x0000000088900000)
 Metaspace       used 39064K, capacity 39772K, committed 40064K, reserved 1083392K
  class space    used 4937K, capacity 5126K, committed 5248K, reserved 1048576K
Event: 52.288 GC heap after
Heap after GC invocations=18 (full 2):
 PSYoungGen      total 181760K, used 9495K [0x00000000d6e00000, 0x00000000e3500000, 0x0000000100000000)
  eden space 172032K, 0% used [0x00000000d6e00000,0x00000000d6e00000,0x00000000e1600000)
  from space 9728K, 97% used [0x00000000e2b80000,0x00000000e34c5d38,0x00000000e3500000)
  to   space 11264K, 0% used [0x00000000e1f00000,0x00000000e1f00000,0x00000000e2a00000)
 ParOldGen       total 64512K, used 22224K [0x0000000084a00000, 0x0000000088900000, 0x00000000d6e00000)
  object space 64512K, 34% used [0x0000000084a00000,0x0000000085fb4300,0x0000000088900000)
 Metaspace       used 39064K, capacity 39772K, committed 40064K, reserved 1083392K
  class space    used 4937K, capacity 5126K, committed 5248K, reserved 1048576K
}
Event: 54.774 GC heap before
{Heap before GC invocations=19 (full 2):
 PSYoungGen      total 181760K, used 181527K [0x00000000d6e00000, 0x00000000e3500000, 0x0000000100000000)
  eden space 172032K, 100% used [0x00000000d6e00000,0x00000000e1600000,0x00000000e1600000)
  from space 9728K, 97% used [0x00000000e2b80000,0x00000000e34c5d38,0x00000000e3500000)
  to   space 11264K, 0% used [0x00000000e1f00000,0x00000000e1f00000,0x00000000e2a00000)
 ParOldGen       total 64512K, used 22224K [0x0000000084a00000, 0x0000000088900000, 0x00000000d6e00000)
  object space 64512K, 34% used [0x0000000084a00000,0x0000000085fb4300,0x0000000088900000)
 Metaspace       used 41818K, capacity 42566K, committed 42624K, reserved 1087488K
  class space    used 5298K, capacity 5502K, committed 5504K, reserved 1048576K
Event: 54.799 GC heap after
Heap after GC invocations=19 (full 2):
 PSYoungGen      total 192512K, used 11250K [0x00000000d6e00000, 0x00000000e6680000, 0x0000000100000000)
  eden space 181248K, 0% used [0x00000000d6e00000,0x00000000d6e00000,0x00000000e1f00000)
  from space 11264K, 99% used [0x00000000e1f00000,0x00000000e29fc950,0x00000000e2a00000)
  to   space 15872K, 0% used [0x00000000e5700000,0x00000000e5700000,0x00000000e6680000)
 ParOldGen       total 64512K, used 31026K [0x0000000084a00000, 0x0000000088900000, 0x00000000d6e00000)
  object space 64512K, 48% used [0x0000000084a00000,0x000000008684c8f8,0x0000000088900000)
 Metaspace       used 41818K, capacity 42566K, committed 42624K, reserved 1087488K
  class space    used 5298K, capacity 5502K, committed 5504K, reserved 1048576K
}
Event: 64.073 GC heap before
{Heap before GC invocations=20 (full 2):
 PSYoungGen      total 192512K, used 131660K [0x00000000d6e00000, 0x00000000e6680000, 0x0000000100000000)
  eden space 181248K, 66% used [0x00000000d6e00000,0x00000000de396710,0x00000000e1f00000)
  from space 11264K, 99% used [0x00000000e1f00000,0x00000000e29fc950,0x00000000e2a00000)
  to   space 15872K, 0% used [0x00000000e5700000,0x00000000e5700000,0x00000000e6680000)
 ParOldGen       total 64512K, used 31026K [0x0000000084a00000, 0x0000000088900000, 0x00000000d6e00000)
  object space 64512K, 48% used [0x0000000084a00000,0x000000008684c8f8,0x0000000088900000)
 Metaspace       used 43864K, capacity 44656K, committed 44800K, reserved 1091584K
  class space    used 5571K, capacity 5765K, committed 5888K, reserved 1048576K
Event: 64.091 GC heap after
Heap after GC invocations=20 (full 2):
 PSYoungGen      total 197120K, used 4279K [0x00000000d6e00000, 0x00000000e6680000, 0x0000000100000000)
  eden space 181248K, 0% used [0x00000000d6e00000,0x00000000d6e00000,0x00000000e1f00000)
  from space 15872K, 26% used [0x00000000e5700000,0x00000000e5b2dcb0,0x00000000e6680000)
  to   space 11264K, 0% used [0x00000000e1f00000,0x00000000e1f00000,0x00000000e2a00000)
 ParOldGen       total 64512K, used 40602K [0x0000000084a00000, 0x0000000088900000, 0x00000000d6e00000)
  object space 64512K, 62% used [0x0000000084a00000,0x00000000871a6a28,0x0000000088900000)
 Metaspace       used 43864K, capacity 44656K, committed 44800K, reserved 1091584K
  class space    used 5571K, capacity 5765K, committed 5888K, reserved 1048576K
}
Event: 64.091 GC heap before
{Heap before GC invocations=21 (full 3):
 PSYoungGen      total 197120K, used 4279K [0x00000000d6e00000, 0x00000000e6680000, 0x0000000100000000)
  eden space 181248K, 0% used [0x00000000d6e00000,0x00000000d6e00000,0x00000000e1f00000)
  from space 15872K, 26% used [0x00000000e5700000,0x00000000e5b2dcb0,0x00000000e6680000)
  to   space 11264K, 0% used [0x00000000e1f00000,0x00000000e1f00000,0x00000000e2a00000)
 ParOldGen       total 64512K, used 40602K [0x0000000084a00000, 0x0000000088900000, 0x00000000d6e00000)
  object space 64512K, 62% used [0x0000000084a00000,0x00000000871a6a28,0x0000000088900000)
 Metaspace       used 43864K, capacity 44656K, committed 44800K, reserved 1091584K
  class space    used 5571K, capacity 5765K, committed 5888K, reserved 1048576K
Event: 64.327 GC heap after
Heap after GC invocations=21 (full 3):
 PSYoungGen      total 197120K, used 0K [0x00000000d6e00000, 0x00000000e6680000, 0x0000000100000000)
  eden space 181248K, 0% used [0x00000000d6e00000,0x00000000d6e00000,0x00000000e1f00000)
  from space 15872K, 0% used [0x00000000e5700000,0x00000000e5700000,0x00000000e6680000)
  to   space 11264K, 0% used [0x00000000e1f00000,0x00000000e1f00000,0x00000000e2a00000)
 ParOldGen       total 64512K, used 39622K [0x0000000084a00000, 0x0000000088900000, 0x00000000d6e00000)
  object space 64512K, 61% used [0x0000000084a00000,0x00000000870b1a10,0x0000000088900000)
 Metaspace       used 43863K, capacity 44654K, committed 44800K, reserved 1089536K
  class space    used 5570K, capacity 5764K, committed 5888K, reserved 1048576K
}

